
======== GPU REPORT ========

==============NVSMI LOG==============

Timestamp                                 : Wed Oct 23 08:27:36 2024
Driver Version                            : 560.35.03
CUDA Version                              : 12.6

Attached GPUs                             : 1
GPU 00000000:14:00.0
    Accounting Mode                       : Enabled
    Accounting Mode Buffer Size           : 4000
    Accounted Processes
        Process ID                        : 3976446
            GPU Utilization               : 0 %
            Memory Utilization            : 0 %
            Max memory usage              : 754 MiB
            Time                          : 7585 ms
            Is Running                    : 0
        Process ID                        : 3976501
            GPU Utilization               : 0 %
            Memory Utilization            : 0 %
            Max memory usage              : 278 MiB
            Time                          : 4535 ms
            Is Running                    : 0
        Process ID                        : 3976718
            GPU Utilization               : 0 %
            Memory Utilization            : 0 %
            Max memory usage              : 754 MiB
            Time                          : 5636 ms
            Is Running                    : 0
        Process ID                        : 3976936
            GPU Utilization               : 0 %
            Memory Utilization            : 0 %
            Max memory usage              : 754 MiB
            Time                          : 5585 ms
            Is Running                    : 0
        Process ID                        : 3977200
            GPU Utilization               : 0 %
            Memory Utilization            : 0 %
            Max memory usage              : 754 MiB
            Time                          : 8350 ms
            Is Running                    : 0
        Process ID                        : 3977427
            GPU Utilization               : 0 %
            Memory Utilization            : 0 %
            Max memory usage              : 754 MiB
            Time                          : 6908 ms
            Is Running                    : 0
        Process ID                        : 3978441
            GPU Utilization               : 0 %
            Memory Utilization            : 0 %
            Max memory usage              : 212 MiB
            Time                          : 7921 ms
            Is Running                    : 0

Wed Oct 23 08:27:36 2024       
+-----------------------------------------------------------------------------------------+
| NVIDIA-SMI 560.35.03              Driver Version: 560.35.03      CUDA Version: 12.6     |
|-----------------------------------------+------------------------+----------------------+
| GPU  Name                 Persistence-M | Bus-Id          Disp.A | Volatile Uncorr. ECC |
| Fan  Temp   Perf          Pwr:Usage/Cap |           Memory-Usage | GPU-Util  Compute M. |
|                                         |                        |               MIG M. |
|=========================================+========================+======================|
|   0  Quadro RTX 8000                On  |   00000000:14:00.0 Off |                    0 |
| 33%   28C    P8             22W /  260W |       1MiB /  46080MiB |      0%      Default |
|                                         |                        |                  N/A |
+-----------------------------------------+------------------------+----------------------+
                                                                                         
+-----------------------------------------------------------------------------------------+
| Processes:                                                                              |
|  GPU   GI   CI        PID   Type   Process name                              GPU Memory |
|        ID   ID                                                               Usage      |
|=========================================================================================|
|  No running processes found                                                             |
+-----------------------------------------------------------------------------------------+
